androidApp/build/intermediates/manifest_merge_blame_file/debug/manifest-merger-blame-debug-report.txt
1<?xml version="1.0" encoding="utf-8"?>
2<manifest xmlns:android="http://schemas.android.com/apk/res/android"
3    package="com.uclan.remotecamera.androidApp"
4    android:versionCode="1"
5    android:versionName="1.0" >
6
7    <uses-sdk
8        android:minSdkVersion="27"
8-->src\main\AndroidManifest.xml
9        android:targetSdkVersion="29" />
9-->src\main\AndroidManifest.xml
10
11    <uses-permission
11-->src\main\AndroidManifest.xml:5:5-7:35
12        android:name="android.permission.ACCESS_FINE_LOCATION"
12-->src\main\AndroidManifest.xml:6:9-63
13        android:required="true" />
13-->src\main\AndroidManifest.xml:7:9-32
14    <uses-permission
14-->src\main\AndroidManifest.xml:8:5-10:35
15        android:name="android.permission.ACCESS_WIFI_STATE"
15-->src\main\AndroidManifest.xml:9:9-60
16        android:required="true" />
16-->src\main\AndroidManifest.xml:10:9-32
17    <uses-permission
17-->src\main\AndroidManifest.xml:11:5-13:35
18        android:name="android.permission.CHANGE_WIFI_STATE"
18-->src\main\AndroidManifest.xml:12:9-60
19        android:required="true" />
19-->src\main\AndroidManifest.xml:13:9-32
20    <uses-permission
20-->src\main\AndroidManifest.xml:14:5-16:35
21        android:name="android.permission.INTERNET"
21-->src\main\AndroidManifest.xml:15:9-51
22        android:required="true" />
22-->src\main\AndroidManifest.xml:16:9-32
23
24    <uses-feature
24-->src\main\AndroidManifest.xml:18:5-20:35
25        android:name="android.hardware.camera.any"
25-->src\main\AndroidManifest.xml:19:9-51
26        android:required="true" />
26-->src\main\AndroidManifest.xml:20:9-32
27    <uses-feature
27-->src\main\AndroidManifest.xml:21:5-23:36
28        android:name="android.hardware.camera"
28-->src\main\AndroidManifest.xml:22:9-47
29        android:required="false" />
29-->src\main\AndroidManifest.xml:23:9-33
30    <uses-feature
30-->src\main\AndroidManifest.xml:24:5-26:36
31        android:name="android.hardware.camera.autofocus"
31-->src\main\AndroidManifest.xml:25:9-57
32        android:required="false" />
32-->src\main\AndroidManifest.xml:26:9-33
33    <uses-feature
33-->src\main\AndroidManifest.xml:27:5-29:36
34        android:name="android.hardware.camera.flash"
34-->src\main\AndroidManifest.xml:28:9-53
35        android:required="false" />
35-->src\main\AndroidManifest.xml:29:9-33
36    <uses-feature
36-->src\main\AndroidManifest.xml:30:5-32:36
37        android:name="android.hardware.camera.front"
37-->src\main\AndroidManifest.xml:31:9-53
38        android:required="false" />
38-->src\main\AndroidManifest.xml:32:9-33
39
40    <uses-permission android:name="android.permission.CAMERA" />
40-->[:libbambuser] AndroidManifest.xml:11:5-65
40-->[:libbambuser] AndroidManifest.xml:11:22-62
41    <uses-permission android:name="android.permission.RECORD_AUDIO" />
41-->[:libbambuser] AndroidManifest.xml:12:5-71
41-->[:libbambuser] AndroidManifest.xml:12:22-68
42
43    <application
43-->src\main\AndroidManifest.xml:34:5-47:19
44        android:allowBackup="false"
44-->src\main\AndroidManifest.xml:35:9-36
45        android:appComponentFactory="androidx.core.app.CoreComponentFactory"
45-->[androidx.core:core:1.3.1] AndroidManifest.xml:24:18-86
46        android:debuggable="true"
47        android:extractNativeLibs="false"
48        android:supportsRtl="true"
48-->src\main\AndroidManifest.xml:36:9-35
49        android:testOnly="true"
50        android:theme="@style/AppTheme" >
50-->src\main\AndroidManifest.xml:37:9-40
51        <activity
51-->src\main\AndroidManifest.xml:38:9-46:20
52            android:name="com.uclan.remotecamera.androidApp.MainActivity"
52-->src\main\AndroidManifest.xml:39:13-41
53            android:configChanges="orientation"
53-->src\main\AndroidManifest.xml:40:13-48
54            android:screenOrientation="portrait" >
54-->src\main\AndroidManifest.xml:41:13-49
55            <intent-filter>
55-->src\main\AndroidManifest.xml:42:13-45:29
56                <action android:name="android.intent.action.MAIN" />
56-->src\main\AndroidManifest.xml:43:17-69
56-->src\main\AndroidManifest.xml:43:25-66
57
58                <category android:name="android.intent.category.LAUNCHER" />
58-->src\main\AndroidManifest.xml:44:17-77
58-->src\main\AndroidManifest.xml:44:27-74
59            </intent-filter>
60        </activity>
61    </application>
62
63</manifest>